/bin/bash: ./batchjob.sh: Permission denied

------------------------------------------------------------
Sender: LSF System <lsfadmin@hpc.dtu.dk>
Subject: Job 13005084: <NONAME> in cluster <dcc> Exited

Job <NONAME> was submitted from host <hpclogin2> by user <s191780> in cluster <dcc> at Mon Mar  7 14:49:45 2022
Job was executed on host(s) <n-62-31-22>, in queue <hpc>, as user <s191780> in cluster <dcc> at Mon Mar  7 14:49:47 2022
</zhome/e0/d/143434> was used as the home directory.
</zhome/e0/d/143434/Desktop/Bachelor_thesis_ear/rl-medical-master/src> was used as the working directory.
Started at Mon Mar  7 14:49:47 2022
Terminated at Mon Mar  7 14:49:47 2022
Results reported at Mon Mar  7 14:49:47 2022

Your job looked like:

------------------------------------------------------------
# LSBATCH: User input
batchjob.sh
------------------------------------------------------------

Exited with exit code 126.

Resource usage summary:

    CPU time :                                   0.28 sec.
    Max Memory :                                 -
    Average Memory :                             -
    Total Requested Memory :                     1024.00 MB
    Delta Memory :                               -
    Max Swap :                                   -
    Max Processes :                              -
    Max Threads :                                -
    Run time :                                   0 sec.
    Turnaround time :                            2 sec.

The output (if any) is above this job summary.

